<?xml version="1.0" encoding="UTF-8"?>
<!-- Generated by org.testng.reporters.JUnitReportReporter -->
<testsuite skipped="0" hostname="PTS-LDR-1091L66" name="Assesment.FlipKart.AddToCartPLPTest" tests="1" failures="0" timestamp="2022-03-31T23:40:25 CDT" time="10.009" errors="0">
  <testcase name="VerifyCart" time="10.009" classname="Assesment.FlipKart.AddToCartPLPTest"/>
  <system-out/>
</testsuite> <!-- Assesment.FlipKart.AddToCartPLPTest -->
