<?xml version="1.0" encoding="UTF-8"?>
<!-- Generated by org.testng.reporters.JUnitReportReporter -->
<testsuite skipped="0" hostname="PTS-LDR-1091L66" name="Assesment.FlipKart.ViewAllBtnTest" tests="1" failures="0" timestamp="2022-03-28T20:24:00 CDT" time="0.425" errors="0">
  <testcase name="ViewAllBtn" time="0.425" classname="Assesment.FlipKart.ViewAllBtnTest"/>
  <system-out/>
</testsuite> <!-- Assesment.FlipKart.ViewAllBtnTest -->
