<?xml version="1.0" encoding="UTF-8"?>
<!-- Generated by org.testng.reporters.JUnitReportReporter -->
<testsuite skipped="0" hostname="PTS-LDR-1091L66" name="Assesment.FlipKart.SearchProductTest" tests="1" failures="0" timestamp="2022-03-29T23:01:28 CDT" time="2.830" errors="0">
  <testcase name="SearchPrdts" time="2.830" classname="Assesment.FlipKart.SearchProductTest"/>
  <system-out/>
</testsuite> <!-- Assesment.FlipKart.SearchProductTest -->
