<?xml version="1.0" encoding="UTF-8"?>
<!-- Generated by org.testng.reporters.JUnitReportReporter -->
<testsuite skipped="0" hostname="PTS-LDR-1091L66" name="Assesment.FlipKart.RemoveFrmCartPLPTest" tests="1" failures="0" timestamp="2022-04-01T16:17:33 CDT" time="20.304" errors="0">
  <testcase name="DeleteCart" time="20.304" classname="Assesment.FlipKart.RemoveFrmCartPLPTest"/>
  <system-out/>
</testsuite> <!-- Assesment.FlipKart.RemoveFrmCartPLPTest -->
