<?xml version="1.0" encoding="UTF-8"?>
<!-- Generated by org.testng.reporters.JUnitReportReporter -->
<testsuite skipped="0" hostname="PTS-LDR-1091L66" name="Assesment.FlipKart.GetSellerRatingTest" tests="1" failures="0" timestamp="2022-03-27T22:31:37 CDT" time="13.649" errors="0">
  <testcase name="SellerRating" time="13.649" classname="Assesment.FlipKart.GetSellerRatingTest"/>
  <system-out/>
</testsuite> <!-- Assesment.FlipKart.GetSellerRatingTest -->
