<?xml version="1.0" encoding="UTF-8"?>
<!-- Generated by org.testng.reporters.JUnitReportReporter -->
<testsuite skipped="0" hostname="PTS-LDR-1091L66" name="cucumberOptions.TestRunner" tests="5" failures="0" timestamp="2022-04-05T22:40:50 CDT" time="273.947" errors="0">
  <testcase name="runScenario" time="99.007" classname="cucumberOptions.TestRunner"/>
  <system-out/>
  <testcase name="runScenario" time="57.690" classname="cucumberOptions.TestRunner"/>
  <system-out/>
  <testcase name="runScenario" time="78.768" classname="cucumberOptions.TestRunner"/>
  <system-out/>
  <testcase name="runScenario" time="21.982" classname="cucumberOptions.TestRunner"/>
  <system-out/>
  <testcase name="runScenario" time="16.500" classname="cucumberOptions.TestRunner"/>
  <system-out/>
</testsuite> <!-- cucumberOptions.TestRunner -->
